Tanggal dipilih: 2024-12-11
Tanggal dipilih: 2024-12-11
Tanggal dipilih: 2024-12-11
Presensi berhasil disimpan untuk tanggal: 2024-12-11
Tanggal dipilih: 2024-12-11
Tanggal dipilih: 2024-12-11
Tanggal dipilih: 2024-12-10
Tanggal dipilih: 2024-12-10
Tanggal dipilih: 2024-12-10
Tanggal dipilih: 2024-12-10
Tanggal dipilih: 2024-12-10
Tanggal dipilih: 2024-12-10
Tanggal dipilih: 2024-12-10
Tanggal dipilih: 2024-12-10
Tanggal dipilih: 2024-12-11
Tanggal dipilih: 2024-12-11
Tanggal dipilih: 2024-12-11
Tanggal dipilih: 2024-12-11
Tanggal dipilih: 2024-12-11
Tanggal dipilih: 2024-12-11
Data POST diterima: Array
(
    [id_unit] => 1
    [id_kelas] => 
    [tanggal] => 2024-12-11
)

Data POST diterima: Array
(
    [id_unit] => 1
    [id_kelas] => 1
    [tanggal] => 2024-12-11
)

Tanggal dipilih: 2024-12-11
Presensi berhasil disimpan untuk tanggal: 2024-12-11
Data POST diterima: Array
(
    [id_unit] => 1
    [id_kelas] => 
    [tanggal] => 2024-12-06
)

Data POST diterima: Array
(
    [id_unit] => 1
    [id_kelas] => 1
    [tanggal] => 2024-12-06
)

Tanggal dipilih: 2024-12-06
Presensi berhasil disimpan untuk tanggal: 2024-12-06
Data POST diterima: Array
(
    [id_unit] => 1
    [id_kelas] => 
    [tanggal] => 2024-12-11
)

Data POST diterima: Array
(
    [id_unit] => 1
    [id_kelas] => 1
    [tanggal] => 2024-12-11
)

Tanggal dipilih: 2024-12-11
Presensi berhasil disimpan untuk tanggal: 2024-12-11
Data POST diterima: Array
(
    [id_unit] => 1
    [id_kelas] => 
    [tanggal] => 2024-12-13
)

Data POST diterima: Array
(
    [id_unit] => 1
    [id_kelas] => 1
    [tanggal] => 2024-12-13
)

Tanggal dipilih: 2024-12-13
Presensi berhasil disimpan untuk tanggal: 2024-12-13
Data POST diterima: Array
(
    [tanggal] => 2024-12-02
    [id_unit] => 1
    [id_kelas] => 
)

Data POST diterima: Array
(
    [tanggal] => 2024-12-02
    [id_unit] => 1
    [id_kelas] => 1
)

Tanggal dipilih: 2024-12-02
Presensi berhasil disimpan untuk tanggal: 2024-12-02
Data POST diterima: Array
(
    [tanggal] => 2024-12-11
    [id_unit] => 1
    [id_kelas] => 
)

Data POST diterima: Array
(
    [tanggal] => 2024-12-11
    [id_unit] => 1
    [id_kelas] => 2
)

Tanggal dipilih: 2024-12-11
Presensi berhasil disimpan untuk tanggal: 2024-12-11
